<?xml version="1.0" encoding="UTF-8"?>
<!-- Generated by org.testng.reporters.JUnitReportReporter -->
<testsuite hostname="hp" name="TestNG.ParameterizationConcepts" tests="1" failures="0" timestamp="7 Sep 2020 17:22:35 GMT" time="0.035" errors="0">
  <testcase name="convertListToSet" time="0.035" classname="TestNG.ParameterizationConcepts"/>
</testsuite> <!-- TestNG.ParameterizationConcepts -->
